22:03:44 **** Incremental Build of configuration Debug for project Mini_Project ****
make all 
Building file: ../MIni_Project.c
Invoking: AVR Compiler
avr-gcc -Wall -g2 -gstabs -O0 -fpack-struct -fshort-enums -ffunction-sections -fdata-sections -std=gnu99 -funsigned-char -funsigned-bitfields -mmcu=atmega16 -DF_CPU=1000000UL -MMD -MP -MF"MIni_Project.d" -MT"MIni_Project.o" -c -o "MIni_Project.o" "../MIni_Project.c"
In file included from ../MIni_Project.c:12:
c:/winavr-20100110/lib/gcc/../../avr/include/util/delay.h:90:3: warning: #warning "Compiler optimizations disabled; functions from <util/delay.h> won't work as designed"
Finished building: ../MIni_Project.c
 
Building target: Mini_Project.elf
Invoking: AVR C Linker
avr-gcc -Wl,-Map,Mini_Project.map -mmcu=atmega16 -o "Mini_Project.elf"  ./MIni_Project.o   
Finished building target: Mini_Project.elf
 
Invoking: AVR Create Extended Listing
avr-objdump -h -S Mini_Project.elf  >"Mini_Project.lss"
Finished building: Mini_Project.lss
 
Invoking: Print Size
avr-size --format=avr --mcu=atmega16 Mini_Project.elf
AVR Memory Usage
----------------
Device: atmega16

Program:    5396 bytes (32.9% Full)
(.text + .data + .bootloader)

Data:         12 bytes (1.2% Full)
(.data + .bss + .noinit)


Finished building: sizedummy
 
